#
# A fatal error has been detected by the Java Runtime Environment:
#
#  SIGSEGV (0xb) at pc=0x0000000111019216, pid=3956, tid=0x0000000000006303
#
# JRE version: Java(TM) SE Runtime Environment (8.0_181-b13) (build 1.8.0_181-b13)
# Java VM: Java HotSpot(TM) 64-Bit Server VM (25.181-b13 mixed mode bsd-amd64 compressed oops)
# Problematic frame:
# j  com.alibaba.fastjson.serializer.ASMSerializer_1_HealthExamDetailBO.writeNormal(Lcom/alibaba/fastjson/serializer/JSONSerializer;Ljava/lang/Object;Ljava/lang/Object;Ljava/lang/reflect/Type;I)V+4541
#
# Failed to write core dump. Core dumps have been disabled. To enable core dumping, try "ulimit -c unlimited" before starting Java again
#
# If you would like to submit a bug report, please visit:
#   http://bugreport.java.com/bugreport/crash.jsp
#

---------------  T H R E A D  ---------------

Current thread (0x00007fa18ba03800):  JavaThread "http-nio-8080-exec-2" daemon [_thread_in_Java, id=25347, stack(0x000070000cdda000,0x000070000ceda000)]

siginfo: si_signo: 11 (SIGSEGV), si_code: 1 (SEGV_MAPERR), si_addr: 0x000000016a469bc5

Registers:
RAX=0x000000000ced7868, RBX=0x000000000ced7868, RCX=0x0000000136908638, RDX=0x000000013690ba15
RSP=0x000070000ced7878, RBP=0x000070000ced78a8, RSI=0x000070000ced7800, RDI=0x000000071d6c003c
R8 =0x00000000000000f8, R9 =0x0000000000000003, R10=0x000000011050a7f0, R11=0x00000001111183e0
R12=0x0000000000000000, R13=0x000000013691ba2c, R14=0x000070000ced7980, R15=0x00007fa18ba03800
RIP=0x0000000111019216, EFLAGS=0x0000000000010283, ERR=0x0000000000000004
  TRAPNO=0x000000000000000e

Top of Stack: (sp=0x000070000ced7878)
0x000070000ced7878:   000070000ced7980 000000013694d028
0x000070000ced7888:   0000000000000000 0000000136908638
0x000070000ced7898:   0000000000000000 000070000ced7958
0x000070000ced78a8:   000070000ced79c8 00000001110062bd
0x000070000ced78b8:   0000000000000000 0000000000000000
0x000070000ced78c8:   0000000000000000 0000000000000000
0x000070000ced78d8:   0000000000000000 0000000000000000
0x000070000ced78e8:   0000000000000000 0000000000000000
0x000070000ced78f8:   0000000000000000 0000000000000000
0x000070000ced7908:   0000000000000000 0000000000000000
0x000070000ced7918:   0000000000000000 000000000000002c
0x000070000ced7928:   0000000000000000 000000071d5446f0
0x000070000ced7938:   000000071daf0b28 0000000000000000
0x000070000ced7948:   0000000000000000 000000071d6c0018
0x000070000ced7958:   0000000000000000 0000000000000000
0x000070000ced7968:   0000000000000000 000000071d5446f0
0x000070000ced7978:   000000071daf1be0 000000071e58d9a0
0x000070000ced7988:   000070000ced7988 0000000136901d9f
0x000070000ced7998:   000070000ced7a80 000000013694d028
0x000070000ced79a8:   0000000000000000 00000001369085e0
0x000070000ced79b8:   000070000ced7958 000070000ced7a58
0x000070000ced79c8:   000070000ced7ac8 0000000111006302
0x000070000ced79d8:   0000000000000000 0000000000000000
0x000070000ced79e8:   0000000000000000 0000000000000000
0x000070000ced79f8:   0000000000000000 0000000000000000
0x000070000ced7a08:   0000000000000000 0000000000000000
0x000070000ced7a18:   0000000000000000 0000000000000000
0x000070000ced7a28:   0000000000000000 0000000000000000
0x000070000ced7a38:   000000071daf0b28 0000000000000000
0x000070000ced7a48:   0000000000000000 0000000000000000
0x000070000ced7a58:   0000000000000000 0000000000000000
0x000070000ced7a68:   0000000000000000 000000071d5446f0 

Instructions: (pc=0x0000000111019216)
0x00000001110191f6:   00 00 00 00 00 00 00 00 00 00 8b 04 24 48 83 c4
0x0000000111019206:   08 5a 48 63 c0 3b 42 0c 8b d8 0f 83 4a 7f ff ff
0x0000000111019216:   8b 44 82 10 41 0f b6 5d 01 49 ff c5 49 ba f0 7f
0x0000000111019226:   50 10 01 00 00 00 41 ff 24 da 00 00 00 00 00 00 

Register to memory mapping:

RAX=0x000000000ced7868 is an unknown value
RBX=0x000000000ced7868 is an unknown value
RCX={method} {0x0000000136908638} 'writeNormal' '(Lcom/alibaba/fastjson/serializer/JSONSerializer;Ljava/lang/Object;Ljava/lang/Object;Ljava/lang/reflect/Type;I)V' in 'com/alibaba/fastjson/serializer/ASMSerializer_1_HealthExamDetailBO'
RDX=0x000000013690ba15 is pointing into metadata
RSP=0x000070000ced7878 is pointing into the stack for thread: 0x00007fa18ba03800
RBP=0x000070000ced78a8 is pointing into the stack for thread: 0x00007fa18ba03800
RSI=0x000070000ced7800 is pointing into the stack for thread: 0x00007fa18ba03800
RDI=0x000000071d6c003c is an unknown value
R8 =0x00000000000000f8 is an unknown value
R9 =0x0000000000000003 is an unknown value
R10=0x000000011050a7f0: _ZN19TemplateInterpreter13_active_tableE+0x4800 in /Library/Java/JavaVirtualMachines/jdk1.8.0_181.jdk/Contents/Home/jre/lib/server/libjvm.dylib at 0x000000010fc00000
R11=0x00000001111183e0 is at entry_point+32 in (nmethod*)0x0000000111118210
R12=0x0000000000000000 is an unknown value
R13=0x000000013691ba2c is pointing into metadata
R14=0x000070000ced7980 is pointing into the stack for thread: 0x00007fa18ba03800
R15=0x00007fa18ba03800 is a thread


Stack: [0x000070000cdda000,0x000070000ceda000],  sp=0x000070000ced7878,  free space=1014k
Native frames: (J=compiled Java code, j=interpreted, Vv=VM code, C=native code)
j  com.alibaba.fastjson.serializer.ASMSerializer_1_HealthExamDetailBO.writeNormal(Lcom/alibaba/fastjson/serializer/JSONSerializer;Ljava/lang/Object;Ljava/lang/Object;Ljava/lang/reflect/Type;I)V+4541
j  com.alibaba.fastjson.serializer.ASMSerializer_1_HealthExamDetailBO.write(Lcom/alibaba/fastjson/serializer/JSONSerializer;Ljava/lang/Object;Ljava/lang/Object;Ljava/lang/reflect/Type;I)V+31
j  com.alibaba.fastjson.serializer.JSONSerializer.write(Ljava/lang/Object;)V+29
j  com.alibaba.fastjson.JSON.writeJSONString(Ljava/io/OutputStream;Ljava/nio/charset/Charset;Ljava/lang/Object;Lcom/alibaba/fastjson/serializer/SerializeConfig;[Lcom/alibaba/fastjson/serializer/SerializeFilter;Ljava/lang/String;I[Lcom/alibaba/fastjson/serializer/SerializerFeature;)I+102
j  com.alibaba.fastjson.support.spring.FastJsonHttpMessageConverter.writeInternal(Ljava/lang/Object;Lorg/springframework/http/HttpOutputMessage;)V+184
j  org.springframework.http.converter.AbstractHttpMessageConverter.write(Ljava/lang/Object;Lorg/springframework/http/MediaType;Lorg/springframework/http/HttpOutputMessage;)V+51
j  com.alibaba.fastjson.support.spring.FastJsonHttpMessageConverter.write(Ljava/lang/Object;Ljava/lang/reflect/Type;Lorg/springframework/http/MediaType;Lorg/springframework/http/HttpOutputMessage;)V+5
j  org.springframework.web.servlet.mvc.method.annotation.AbstractMessageConverterMethodProcessor.writeWithMessageConverters(Ljava/lang/Object;Lorg/springframework/core/MethodParameter;Lorg/springframework/http/server/ServletServerHttpRequest;Lorg/springframework/http/server/ServletServerHttpResponse;)V+660
j  org.springframework.web.servlet.mvc.method.annotation.RequestResponseBodyMethodProcessor.handleReturnValue(Ljava/lang/Object;Lorg/springframework/core/MethodParameter;Lorg/springframework/web/method/support/ModelAndViewContainer;Lorg/springframework/web/context/request/NativeWebRequest;)V+28
j  org.springframework.web.method.support.HandlerMethodReturnValueHandlerComposite.handleReturnValue(Ljava/lang/Object;Lorg/springframework/core/MethodParameter;Lorg/springframework/web/method/support/ModelAndViewContainer;Lorg/springframework/web/context/request/NativeWebRequest;)V+53
j  org.springframework.web.servlet.mvc.method.annotation.ServletInvocableHandlerMethod.invokeAndHandle(Lorg/springframework/web/context/request/ServletWebRequest;Lorg/springframework/web/method/support/ModelAndViewContainer;[Ljava/lang/Object;)V+99
j  org.springframework.web.servlet.mvc.method.annotation.RequestMappingHandlerAdapter.invokeHandlerMethod(Ljavax/servlet/http/HttpServletRequest;Ljavax/servlet/http/HttpServletResponse;Lorg/springframework/web/method/HandlerMethod;)Lorg/springframework/web/servlet/ModelAndView;+276
j  org.springframework.web.servlet.mvc.method.annotation.RequestMappingHandlerAdapter.handleInternal(Ljavax/servlet/http/HttpServletRequest;Ljavax/servlet/http/HttpServletResponse;Lorg/springframework/web/method/HandlerMethod;)Lorg/springframework/web/servlet/ModelAndView;+81
j  org.springframework.web.servlet.mvc.method.AbstractHandlerMethodAdapter.handle(Ljavax/servlet/http/HttpServletRequest;Ljavax/servlet/http/HttpServletResponse;Ljava/lang/Object;)Lorg/springframework/web/servlet/ModelAndView;+7
j  org.springframework.web.servlet.DispatcherServlet.doDispatch(Ljavax/servlet/http/HttpServletRequest;Ljavax/servlet/http/HttpServletResponse;)V+310
j  org.springframework.web.servlet.DispatcherServlet.doService(Ljavax/servlet/http/HttpServletRequest;Ljavax/servlet/http/HttpServletResponse;)V+308
j  org.springframework.web.servlet.FrameworkServlet.processRequest(Ljavax/servlet/http/HttpServletRequest;Ljavax/servlet/http/HttpServletResponse;)V+71
j  org.springframework.web.servlet.FrameworkServlet.doGet(Ljavax/servlet/http/HttpServletRequest;Ljavax/servlet/http/HttpServletResponse;)V+3
j  javax.servlet.http.HttpServlet.service(Ljavax/servlet/http/HttpServletRequest;Ljavax/servlet/http/HttpServletResponse;)V+35
j  org.springframework.web.servlet.FrameworkServlet.service(Ljavax/servlet/http/HttpServletRequest;Ljavax/servlet/http/HttpServletResponse;)V+33
j  javax.servlet.http.HttpServlet.service(Ljavax/servlet/ServletRequest;Ljavax/servlet/ServletResponse;)V+30
j  org.apache.catalina.core.ApplicationFilterChain.internalDoFilter(Ljavax/servlet/ServletRequest;Ljavax/servlet/ServletResponse;)V+304
j  org.apache.catalina.core.ApplicationFilterChain.doFilter(Ljavax/servlet/ServletRequest;Ljavax/servlet/ServletResponse;)V+101
j  org.apache.tomcat.websocket.server.WsFilter.doFilter(Ljavax/servlet/ServletRequest;Ljavax/servlet/ServletResponse;Ljavax/servlet/FilterChain;)V+21
j  org.apache.catalina.core.ApplicationFilterChain.internalDoFilter(Ljavax/servlet/ServletRequest;Ljavax/servlet/ServletResponse;)V+135
j  org.apache.catalina.core.ApplicationFilterChain.doFilter(Ljavax/servlet/ServletRequest;Ljavax/servlet/ServletResponse;)V+101
j  org.springframework.web.filter.RequestContextFilter.doFilterInternal(Ljavax/servlet/http/HttpServletRequest;Ljavax/servlet/http/HttpServletResponse;Ljavax/servlet/FilterChain;)V+21
j  org.springframework.web.filter.OncePerRequestFilter.doFilter(Ljavax/servlet/ServletRequest;Ljavax/servlet/ServletResponse;Ljavax/servlet/FilterChain;)V+111
j  org.apache.catalina.core.ApplicationFilterChain.internalDoFilter(Ljavax/servlet/ServletRequest;Ljavax/servlet/ServletResponse;)V+135
j  org.apache.catalina.core.ApplicationFilterChain.doFilter(Ljavax/servlet/ServletRequest;Ljavax/servlet/ServletResponse;)V+101
j  org.springframework.web.filter.HttpPutFormContentFilter.doFilterInternal(Ljavax/servlet/http/HttpServletRequest;Ljavax/servlet/http/HttpServletResponse;Ljavax/servlet/FilterChain;)V+95
j  org.springframework.web.filter.OncePerRequestFilter.doFilter(Ljavax/servlet/ServletRequest;Ljavax/servlet/ServletResponse;Ljavax/servlet/FilterChain;)V+111
j  org.apache.catalina.core.ApplicationFilterChain.internalDoFilter(Ljavax/servlet/ServletRequest;Ljavax/servlet/ServletResponse;)V+135
j  org.apache.catalina.core.ApplicationFilterChain.doFilter(Ljavax/servlet/ServletRequest;Ljavax/servlet/ServletResponse;)V+101
j  org.springframework.web.filter.HiddenHttpMethodFilter.doFilterInternal(Ljavax/servlet/http/HttpServletRequest;Ljavax/servlet/http/HttpServletResponse;Ljavax/servlet/FilterChain;)V+87
j  org.springframework.web.filter.OncePerRequestFilter.doFilter(Ljavax/servlet/ServletRequest;Ljavax/servlet/ServletResponse;Ljavax/servlet/FilterChain;)V+111
j  org.apache.catalina.core.ApplicationFilterChain.internalDoFilter(Ljavax/servlet/ServletRequest;Ljavax/servlet/ServletResponse;)V+135
j  org.apache.catalina.core.ApplicationFilterChain.doFilter(Ljavax/servlet/ServletRequest;Ljavax/servlet/ServletResponse;)V+101
j  org.springframework.web.filter.CharacterEncodingFilter.doFilterInternal(Ljavax/servlet/http/HttpServletRequest;Ljavax/servlet/http/HttpServletResponse;Ljavax/servlet/FilterChain;)V+53
j  org.springframework.web.filter.OncePerRequestFilter.doFilter(Ljavax/servlet/ServletRequest;Ljavax/servlet/ServletResponse;Ljavax/servlet/FilterChain;)V+111
j  org.apache.catalina.core.ApplicationFilterChain.internalDoFilter(Ljavax/servlet/ServletRequest;Ljavax/servlet/ServletResponse;)V+135
j  org.apache.catalina.core.ApplicationFilterChain.doFilter(Ljavax/servlet/ServletRequest;Ljavax/servlet/ServletResponse;)V+101
j  org.apache.catalina.core.StandardWrapperValve.invoke(Lorg/apache/catalina/connector/Request;Lorg/apache/catalina/connector/Response;)V+688
j  org.apache.catalina.core.StandardContextValve.invoke(Lorg/apache/catalina/connector/Request;Lorg/apache/catalina/connector/Response;)V+166
j  org.apache.catalina.authenticator.AuthenticatorBase.invoke(Lorg/apache/catalina/connector/Request;Lorg/apache/catalina/connector/Response;)V+260
j  org.apache.catalina.core.StandardHostValve.invoke(Lorg/apache/catalina/connector/Request;Lorg/apache/catalina/connector/Response;)V+138
j  org.apache.catalina.valves.ErrorReportValve.invoke(Lorg/apache/catalina/connector/Request;Lorg/apache/catalina/connector/Response;)V+6
j  org.apache.catalina.core.StandardEngineValve.invoke(Lorg/apache/catalina/connector/Request;Lorg/apache/catalina/connector/Response;)V+71
j  org.apache.catalina.connector.CoyoteAdapter.service(Lorg/apache/coyote/Request;Lorg/apache/coyote/Response;)V+199
j  org.apache.coyote.http11.Http11Processor.service(Lorg/apache/tomcat/util/net/SocketWrapperBase;)Lorg/apache/tomcat/util/net/AbstractEndpoint$Handler$SocketState;+806
j  org.apache.coyote.AbstractProcessorLight.process(Lorg/apache/tomcat/util/net/SocketWrapperBase;Lorg/apache/tomcat/util/net/SocketEvent;)Lorg/apache/tomcat/util/net/AbstractEndpoint$Handler$SocketState;+113
j  org.apache.coyote.AbstractProtocol$ConnectionHandler.process(Lorg/apache/tomcat/util/net/SocketWrapperBase;Lorg/apache/tomcat/util/net/SocketEvent;)Lorg/apache/tomcat/util/net/AbstractEndpoint$Handler$SocketState;+414
j  org.apache.tomcat.util.net.NioEndpoint$SocketProcessor.doRun()V+191
j  org.apache.tomcat.util.net.SocketProcessorBase.run()V+21
j  java.util.concurrent.ThreadPoolExecutor.runWorker(Ljava/util/concurrent/ThreadPoolExecutor$Worker;)V+95
j  java.util.concurrent.ThreadPoolExecutor$Worker.run()V+5
j  org.apache.tomcat.util.threads.TaskThread$WrappingRunnable.run()V+4
j  java.lang.Thread.run()V+11
v  ~StubRoutines::call_stub
V  [libjvm.dylib+0x2efcba]
V  [libjvm.dylib+0x2f045e]
V  [libjvm.dylib+0x2f060a]
V  [libjvm.dylib+0x34aef9]
V  [libjvm.dylib+0x56fa7f]
V  [libjvm.dylib+0x57117a]
V  [libjvm.dylib+0x48e342]
C  [libsystem_pthread.dylib+0x5e65]  _pthread_start+0x94
C  [libsystem_pthread.dylib+0x183b]  thread_start+0xf
C  0x0000000000000000


---------------  P R O C E S S  ---------------

Java Threads: ( => current thread )
  0x00007fa18ba14000 JavaThread "RMI TCP Connection(3)-127.0.0.1" daemon [_thread_in_native, id=29443, stack(0x000070000dc04000,0x000070000dd04000)]
  0x00007fa18ba13000 JavaThread "RMI TCP Connection(2)-127.0.0.1" daemon [_thread_in_native, id=37639, stack(0x000070000db01000,0x000070000dc01000)]
  0x00007fa18b006000 JavaThread "DestroyJavaVM" [_thread_blocked, id=3843, stack(0x000070000ac74000,0x000070000ad74000)]
  0x00007fa18b18f800 JavaThread "http-nio-8080-AsyncTimeout" daemon [_thread_blocked, id=28931, stack(0x000070000d9fe000,0x000070000dafe000)]
  0x00007fa18b18e800 JavaThread "http-nio-8080-Acceptor-0" daemon [_thread_in_native, id=37891, stack(0x000070000d8fb000,0x000070000d9fb000)]
  0x00007fa18ba12000 JavaThread "http-nio-8080-ClientPoller-1" daemon [_thread_in_native, id=28419, stack(0x000070000d7f8000,0x000070000d8f8000)]
  0x00007fa18ba0f800 JavaThread "http-nio-8080-ClientPoller-0" daemon [_thread_in_native, id=38403, stack(0x000070000d6f5000,0x000070000d7f5000)]
  0x00007fa18ba0c800 JavaThread "http-nio-8080-exec-10" daemon [_thread_blocked, id=38659, stack(0x000070000d5f2000,0x000070000d6f2000)]
  0x00007fa18b18d800 JavaThread "http-nio-8080-exec-9" daemon [_thread_blocked, id=38915, stack(0x000070000d4ef000,0x000070000d5ef000)]
  0x00007fa18b18d000 JavaThread "http-nio-8080-exec-8" daemon [_thread_blocked, id=27395, stack(0x000070000d3ec000,0x000070000d4ec000)]
  0x00007fa18b18c000 JavaThread "http-nio-8080-exec-7" daemon [_thread_blocked, id=26883, stack(0x000070000d2e9000,0x000070000d3e9000)]
  0x00007fa18b18b800 JavaThread "http-nio-8080-exec-6" daemon [_thread_blocked, id=39427, stack(0x000070000d1e6000,0x000070000d2e6000)]
  0x00007fa18b184800 JavaThread "http-nio-8080-exec-5" daemon [_thread_blocked, id=26371, stack(0x000070000d0e3000,0x000070000d1e3000)]
  0x00007fa18d270000 JavaThread "http-nio-8080-exec-4" daemon [_thread_blocked, id=26115, stack(0x000070000cfe0000,0x000070000d0e0000)]
  0x00007fa18ba0c000 JavaThread "http-nio-8080-exec-3" daemon [_thread_blocked, id=25859, stack(0x000070000cedd000,0x000070000cfdd000)]
=>0x00007fa18ba03800 JavaThread "http-nio-8080-exec-2" daemon [_thread_in_Java, id=25347, stack(0x000070000cdda000,0x000070000ceda000)]
  0x00007fa18ba03000 JavaThread "http-nio-8080-exec-1" daemon [_thread_blocked, id=25091, stack(0x000070000ccd7000,0x000070000cdd7000)]
  0x00007fa18b18a800 JavaThread "NioBlockingSelector.BlockPoller-1" daemon [_thread_in_native, id=24839, stack(0x000070000cbd4000,0x000070000ccd4000)]
  0x00007fa18b9e7800 JavaThread "container-0" [_thread_blocked, id=24323, stack(0x000070000cad1000,0x000070000cbd1000)]
  0x00007fa18b9d1000 JavaThread "ContainerBackgroundProcessor[StandardEngine[Tomcat]]" daemon [_thread_blocked, id=40963, stack(0x000070000c9ce000,0x000070000cace000)]
  0x00007fa18d266800 JavaThread "localhost-startStop-1" daemon [_thread_blocked, id=41219, stack(0x000070000c8cb000,0x000070000c9cb000)]
  0x00007fa18d995000 JavaThread "Tomcat-startStop-1" daemon [_thread_blocked, id=41479, stack(0x000070000c7c8000,0x000070000c8c8000)]
  0x00007fa18a99b000 JavaThread "RMI Scheduler(0)" daemon [_thread_blocked, id=23043, stack(0x000070000c6c5000,0x000070000c7c5000)]
  0x00007fa18b9cc000 JavaThread "RMI TCP Connection(1)-127.0.0.1" daemon [_thread_in_native, id=41991, stack(0x000070000c5c2000,0x000070000c6c2000)]
  0x00007fa17a822800 JavaThread "Attach Listener" daemon [_thread_blocked, id=22791, stack(0x000070000c4bf000,0x000070000c5bf000)]
  0x00007fa18b909800 JavaThread "RMI TCP Accept-0" daemon [_thread_in_native, id=43267, stack(0x000070000c2b9000,0x000070000c3b9000)]
  0x00007fa18b8df000 JavaThread "Service Thread" daemon [_thread_blocked, id=22275, stack(0x000070000c1b6000,0x000070000c2b6000)]
  0x00007fa18d0b3000 JavaThread "C1 CompilerThread3" daemon [_thread_blocked, id=21763, stack(0x000070000c0b3000,0x000070000c1b3000)]
  0x00007fa18c066800 JavaThread "C2 CompilerThread2" daemon [_thread_blocked, id=15875, stack(0x000070000bfb0000,0x000070000c0b0000)]
  0x00007fa18c065800 JavaThread "C2 CompilerThread1" daemon [_thread_blocked, id=16131, stack(0x000070000bead000,0x000070000bfad000)]
  0x00007fa18c065000 JavaThread "C2 CompilerThread0" daemon [_thread_blocked, id=16387, stack(0x000070000bdaa000,0x000070000beaa000)]
  0x00007fa18c05b000 JavaThread "Monitor Ctrl-Break" daemon [_thread_in_native, id=16899, stack(0x000070000bca7000,0x000070000bda7000)]
  0x00007fa18a801800 JavaThread "Signal Dispatcher" daemon [_thread_blocked, id=14851, stack(0x000070000bba4000,0x000070000bca4000)]
  0x00007fa18d805000 JavaThread "Finalizer" daemon [_thread_blocked, id=12803, stack(0x000070000b99b000,0x000070000ba9b000)]
  0x00007fa18b82d800 JavaThread "Reference Handler" daemon [_thread_blocked, id=19203, stack(0x000070000b898000,0x000070000b998000)]

Other Threads:
  0x00007fa18b016000 VMThread [stack: 0x000070000b795000,0x000070000b895000] [id=19459]
  0x00007fa18d17c000 WatcherThread [stack: 0x000070000c3bc000,0x000070000c4bc000] [id=42755]

VM state:not at safepoint (normal execution)

VM Mutex/Monitor currently owned by a thread: None

Heap:
 PSYoungGen      total 192512K, used 163580K [0x0000000715580000, 0x0000000727a00000, 0x00000007c0000000)
  eden space 177664K, 83% used [0x0000000715580000,0x000000071e6debf8,0x0000000720300000)
  from space 14848K, 99% used [0x0000000726b80000,0x00000007279e0610,0x0000000727a00000)
  to   space 21504K, 0% used [0x0000000725000000,0x0000000725000000,0x0000000726500000)
 ParOldGen       total 223744K, used 13286K [0x00000005c0000000, 0x00000005cda80000, 0x0000000715580000)
  object space 223744K, 5% used [0x00000005c0000000,0x00000005c0cf9a00,0x00000005cda80000)
 Metaspace       used 33581K, capacity 35138K, committed 35456K, reserved 1079296K
  class space    used 4377K, capacity 4666K, committed 4736K, reserved 1048576K

Card table byte_map: [0x00000001203be000,0x00000001213bf000] byte_map_base: 0x000000011d5be000

Marking Bits: (ParMarkBitMap*) 0x00000001104f9cd0
 Begin Bits: [0x0000000121e6a000, 0x0000000129e6a000)
 End Bits:   [0x0000000129e6a000, 0x0000000131e6a000)

Polling page: 0x000000010e264000

CodeCache: size=245760Kb used=6923Kb max_used=6923Kb free=238836Kb
 bounds [0x0000000110ffe000, 0x00000001116ce000, 0x000000011fffe000]
 total_blobs=3658 nmethods=3212 adapters=359
 compilation: enabled

Compilation events (10 events):
Event: 3.763 Thread 0x00007fa18d0b3000 3208       1       com.alibaba.fastjson.asm.MethodWriter::visitTypeInsn (23 bytes)
Event: 3.763 Thread 0x00007fa18d0b3000 nmethod 3208 0x00000001116bdb90 code [0x00000001116bdd00, 0x00000001116bde78]
Event: 3.765 Thread 0x00007fa18d0b3000 3209       1       com.alibaba.fastjson.serializer.ASMSerializerFactory::_getFieldSer (232 bytes)
Event: 3.765 Thread 0x00007fa18d0b3000 nmethod 3209 0x00000001116bdf90 code [0x00000001116be2e0, 0x00000001116bf328]
Event: 3.768 Thread 0x00007fa18d0b3000 3210       1       com.alibaba.fastjson.asm.FieldWriter::getSize (3 bytes)
Event: 3.768 Thread 0x00007fa18d0b3000 nmethod 3210 0x00000001116c02d0 code [0x00000001116c0420, 0x00000001116c0530]
Event: 3.768 Thread 0x00007fa18d0b3000 3211       1       com.alibaba.fastjson.asm.FieldWriter::put (38 bytes)
Event: 3.768 Thread 0x00007fa18d0b3000 nmethod 3211 0x00000001116c0590 code [0x00000001116c0720, 0x00000001116c08f8]
Event: 3.768 Thread 0x00007fa18d0b3000 3212       1       com.alibaba.fastjson.asm.ByteVector::putInt (74 bytes)
Event: 3.768 Thread 0x00007fa18d0b3000 nmethod 3212 0x00000001116c0a50 code [0x00000001116c0bc0, 0x00000001116c0dc8]

GC Heap History (6 events):
Event: 0.704 GC heap before
{Heap before GC invocations=1 (full 0):
 PSYoungGen      total 153088K, used 131584K [0x0000000715580000, 0x0000000720000000, 0x00000007c0000000)
  eden space 131584K, 100% used [0x0000000715580000,0x000000071d600000,0x000000071d600000)
  from space 21504K, 0% used [0x000000071eb00000,0x000000071eb00000,0x0000000720000000)
  to   space 21504K, 0% used [0x000000071d600000,0x000000071d600000,0x000000071eb00000)
 ParOldGen       total 349696K, used 0K [0x00000005c0000000, 0x00000005d5580000, 0x0000000715580000)
  object space 349696K, 0% used [0x00000005c0000000,0x00000005c0000000,0x00000005d5580000)
 Metaspace       used 20570K, capacity 21188K, committed 21296K, reserved 1067008K
  class space    used 2720K, capacity 2896K, committed 2944K, reserved 1048576K
Event: 0.718 GC heap after
Heap after GC invocations=1 (full 0):
 PSYoungGen      total 153088K, used 13964K [0x0000000715580000, 0x0000000728080000, 0x00000007c0000000)
  eden space 131584K, 0% used [0x0000000715580000,0x0000000715580000,0x000000071d600000)
  from space 21504K, 64% used [0x000000071d600000,0x000000071e3a31f8,0x000000071eb00000)
  to   space 21504K, 0% used [0x0000000726b80000,0x0000000726b80000,0x0000000728080000)
 ParOldGen       total 349696K, used 16K [0x00000005c0000000, 0x00000005d5580000, 0x0000000715580000)
  object space 349696K, 0% used [0x00000005c0000000,0x00000005c0004000,0x00000005d5580000)
 Metaspace       used 20570K, capacity 21188K, committed 21296K, reserved 1067008K
  class space    used 2720K, capacity 2896K, committed 2944K, reserved 1048576K
}
Event: 0.718 GC heap before
{Heap before GC invocations=2 (full 1):
 PSYoungGen      total 153088K, used 13964K [0x0000000715580000, 0x0000000728080000, 0x00000007c0000000)
  eden space 131584K, 0% used [0x0000000715580000,0x0000000715580000,0x000000071d600000)
  from space 21504K, 64% used [0x000000071d600000,0x000000071e3a31f8,0x000000071eb00000)
  to   space 21504K, 0% used [0x0000000726b80000,0x0000000726b80000,0x0000000728080000)
 ParOldGen       total 349696K, used 16K [0x00000005c0000000, 0x00000005d5580000, 0x0000000715580000)
  object space 349696K, 0% used [0x00000005c0000000,0x00000005c0004000,0x00000005d5580000)
 Metaspace       used 20570K, capacity 21188K, committed 21296K, reserved 1067008K
  class space    used 2720K, capacity 2896K, committed 2944K, reserved 1048576K
Event: 0.740 GC heap after
Heap after GC invocations=2 (full 1):
 PSYoungGen      total 153088K, used 0K [0x0000000715580000, 0x0000000728080000, 0x00000007c0000000)
  eden space 131584K, 0% used [0x0000000715580000,0x0000000715580000,0x000000071d600000)
  from space 21504K, 0% used [0x000000071d600000,0x000000071d600000,0x000000071eb00000)
  to   space 21504K, 0% used [0x0000000726b80000,0x0000000726b80000,0x0000000728080000)
 ParOldGen       total 223744K, used 13214K [0x00000005c0000000, 0x00000005cda80000, 0x0000000715580000)
  object space 223744K, 5% used [0x00000005c0000000,0x00000005c0ce79f0,0x00000005cda80000)
 Metaspace       used 20570K, capacity 21188K, committed 21296K, reserved 1067008K
  class space    used 2720K, capacity 2896K, committed 2944K, reserved 1048576K
}
Event: 1.402 GC heap before
{Heap before GC invocations=3 (full 1):
 PSYoungGen      total 153088K, used 131584K [0x0000000715580000, 0x0000000728080000, 0x00000007c0000000)
  eden space 131584K, 100% used [0x0000000715580000,0x000000071d600000,0x000000071d600000)
  from space 21504K, 0% used [0x000000071d600000,0x000000071d600000,0x000000071eb00000)
  to   space 21504K, 0% used [0x0000000726b80000,0x0000000726b80000,0x0000000728080000)
 ParOldGen       total 223744K, used 13214K [0x00000005c0000000, 0x00000005cda80000, 0x0000000715580000)
  object space 223744K, 5% used [0x00000005c0000000,0x00000005c0ce79f0,0x00000005cda80000)
 Metaspace       used 27447K, capacity 28698K, committed 29056K, reserved 1075200K
  class space    used 3674K, capacity 3925K, committed 3968K, reserved 1048576K
Event: 1.410 GC heap after
Heap after GC invocations=3 (full 1):
 PSYoungGen      total 192512K, used 14721K [0x0000000715580000, 0x0000000727a00000, 0x00000007c0000000)
  eden space 177664K, 0% used [0x0000000715580000,0x0000000715580000,0x0000000720300000)
  from space 14848K, 99% used [0x0000000726b80000,0x00000007279e0610,0x0000000727a00000)
  to   space 21504K, 0% used [0x0000000725000000,0x0000000725000000,0x0000000726500000)
 ParOldGen       total 223744K, used 13286K [0x00000005c0000000, 0x00000005cda80000, 0x0000000715580000)
  object space 223744K, 5% used [0x00000005c0000000,0x00000005c0cf9a00,0x00000005cda80000)
 Metaspace       used 27447K, capacity 28698K, committed 29056K, reserved 1075200K
  class space    used 3674K, capacity 3925K, committed 3968K, reserved 1048576K
}

Deoptimization events (0 events):
No events

Classes redefined (0 events):
No events

Internal exceptions (10 events):
Event: 3.774 Thread 0x00007fa18ba03800 Exception <a 'java/lang/ArrayIndexOutOfBoundsException'> (0x000000071e6604b0) thrown at [/Users/java_re/workspace/8-2-build-macosx-x86_64/jdk8u181/11358/hotspot/src/share/vm/runtime/sharedRuntime.cpp, line 605]
Event: 3.774 Thread 0x00007fa18ba03800 Exception <a 'java/lang/ArrayIndexOutOfBoundsException'> (0x000000071e6617a8) thrown at [/Users/java_re/workspace/8-2-build-macosx-x86_64/jdk8u181/11358/hotspot/src/share/vm/runtime/sharedRuntime.cpp, line 605]
Event: 3.774 Thread 0x00007fa18ba03800 Exception <a 'java/lang/ArrayIndexOutOfBoundsException'> (0x000000071e662758) thrown at [/Users/java_re/workspace/8-2-build-macosx-x86_64/jdk8u181/11358/hotspot/src/share/vm/runtime/sharedRuntime.cpp, line 605]
Event: 3.774 Thread 0x00007fa18ba03800 Exception <a 'java/lang/ArrayIndexOutOfBoundsException'> (0x000000071e663708) thrown at [/Users/java_re/workspace/8-2-build-macosx-x86_64/jdk8u181/11358/hotspot/src/share/vm/runtime/sharedRuntime.cpp, line 605]
Event: 3.774 Thread 0x00007fa18ba03800 Exception <a 'java/lang/ArrayIndexOutOfBoundsException'> (0x000000071e6646b8) thrown at [/Users/java_re/workspace/8-2-build-macosx-x86_64/jdk8u181/11358/hotspot/src/share/vm/runtime/sharedRuntime.cpp, line 605]
Event: 3.774 Thread 0x00007fa18ba03800 Exception <a 'java/lang/ArrayIndexOutOfBoundsException'> (0x000000071e665a58) thrown at [/Users/java_re/workspace/8-2-build-macosx-x86_64/jdk8u181/11358/hotspot/src/share/vm/runtime/sharedRuntime.cpp, line 605]
Event: 3.774 Thread 0x00007fa18ba03800 Exception <a 'java/lang/ArrayIndexOutOfBoundsException'> (0x000000071e668988) thrown at [/Users/java_re/workspace/8-2-build-macosx-x86_64/jdk8u181/11358/hotspot/src/share/vm/runtime/sharedRuntime.cpp, line 605]
Event: 3.774 Thread 0x00007fa18ba03800 Exception <a 'java/lang/ArrayIndexOutOfBoundsException'> (0x000000071e66a118) thrown at [/Users/java_re/workspace/8-2-build-macosx-x86_64/jdk8u181/11358/hotspot/src/share/vm/runtime/sharedRuntime.cpp, line 605]
Event: 3.775 Thread 0x00007fa18ba03800 Exception <a 'java/lang/ArrayIndexOutOfBoundsException'> (0x000000071e66b560) thrown at [/Users/java_re/workspace/8-2-build-macosx-x86_64/jdk8u181/11358/hotspot/src/share/vm/runtime/sharedRuntime.cpp, line 605]
Event: 3.775 Thread 0x00007fa18ba03800 Exception <a 'java/lang/ArrayIndexOutOfBoundsException'> (0x000000071e66caf8) thrown at [/Users/java_re/workspace/8-2-build-macosx-x86_64/jdk8u181/11358/hotspot/src/share/vm/runtime/sharedRuntime.cpp, line 605]

Events (10 events):
Event: 3.746 loading class com/alibaba/fastjson/serializer/ASMSerializerFactory$Context
Event: 3.746 loading class com/alibaba/fastjson/serializer/ASMSerializerFactory$Context done
Event: 3.747 loading class com/alibaba/fastjson/asm/Label
Event: 3.747 loading class com/alibaba/fastjson/asm/Label done
Event: 3.772 loading class com/alibaba/fastjson/serializer/FieldSerializer
Event: 3.772 loading class com/alibaba/fastjson/serializer/FieldSerializer done
Event: 3.772 loading class javax/persistence/OneToMany
Event: 3.772 loading class javax/persistence/OneToMany done
Event: 3.773 loading class javax/persistence/ManyToMany
Event: 3.773 loading class javax/persistence/ManyToMany done


Dynamic libraries:
0x00007fff3024b000 	/System/Library/Frameworks/Cocoa.framework/Versions/A/Cocoa
0x00007fff3d819000 	/System/Library/Frameworks/Security.framework/Versions/A/Security
0x00007fff2f1d5000 	/System/Library/Frameworks/ApplicationServices.framework/Versions/A/ApplicationServices
0x00007fff67aad000 	/usr/lib/libz.1.dylib
0x00007fff6557c000 	/usr/lib/libSystem.B.dylib
0x00007fff673d1000 	/usr/lib/libobjc.A.dylib
0x00007fff311c2000 	/System/Library/Frameworks/CoreFoundation.framework/Versions/A/CoreFoundation
0x00007fff33887000 	/System/Library/Frameworks/Foundation.framework/Versions/C/Foundation
0x00007fff2e3ca000 	/System/Library/Frameworks/AppKit.framework/Versions/C/AppKit
0x00007fff30cce000 	/System/Library/Frameworks/CoreData.framework/Versions/A/CoreData
0x00007fff61e24000 	/System/Library/PrivateFrameworks/UIFoundation.framework/Versions/A/UIFoundation
0x00007fff5c600000 	/System/Library/PrivateFrameworks/RemoteViewServices.framework/Versions/A/RemoteViewServices
0x00007fff648b7000 	/System/Library/PrivateFrameworks/XCTTargetBootstrap.framework/Versions/A/XCTTargetBootstrap
0x00007fff310b1000 	/System/Library/Frameworks/CoreDisplay.framework/Versions/A/CoreDisplay
0x00007fff365ff000 	/System/Library/Frameworks/Metal.framework/Versions/A/Metal
0x00007fff4aa1c000 	/System/Library/PrivateFrameworks/DesktopServicesPriv.framework/Versions/A/DesktopServicesPriv
0x00007fff666b2000 	/usr/lib/liblangid.dylib
0x00007fff49b68000 	/System/Library/PrivateFrameworks/CoreSVG.framework/Versions/A/CoreSVG
0x00007fff5f3c7000 	/System/Library/PrivateFrameworks/SkyLight.framework/Versions/A/SkyLight
0x00007fff31644000 	/System/Library/Frameworks/CoreGraphics.framework/Versions/A/CoreGraphics
0x00007fff2cf69000 	/System/Library/Frameworks/Accelerate.framework/Versions/A/Accelerate
0x00007fff6799e000 	/usr/lib/libxml2.2.dylib
0x00007fff5572a000 	/System/Library/PrivateFrameworks/IconServices.framework/Versions/A/IconServices
0x00007fff3406c000 	/System/Library/Frameworks/IOSurface.framework/Versions/A/IOSurface
0x00007fff650b4000 	/usr/lib/libDiagnosticMessagesClient.dylib
0x00007fff4a895000 	/System/Library/PrivateFrameworks/DFRFoundation.framework/Versions/A/DFRFoundation
0x00007fff66440000 	/usr/lib/libicucore.A.dylib
0x00007fff2f507000 	/System/Library/Frameworks/AudioToolbox.framework/Versions/A/AudioToolbox
0x00007fff2f5e9000 	/System/Library/Frameworks/AudioUnit.framework/Versions/A/AudioUnit
0x00007fff6577d000 	/usr/lib/libauto.dylib
0x00007fff4a916000 	/System/Library/PrivateFrameworks/DataDetectorsCore.framework/Versions/A/DataDetectorsCore
0x00007fff2fd6b000 	/System/Library/Frameworks/Carbon.framework/Versions/A/Frameworks/HIToolbox.framework/Versions/A/HIToolbox
0x00007fff3ca4a000 	/System/Library/Frameworks/QuartzCore.framework/Versions/A/QuartzCore
0x00007fff300aa000 	/System/Library/Frameworks/Carbon.framework/Versions/A/Frameworks/SpeechRecognition.framework/Versions/A/SpeechRecognition
0x00007fff4a21b000 	/System/Library/PrivateFrameworks/CoreUI.framework/Versions/A/CoreUI
0x00007fff30734000 	/System/Library/Frameworks/CoreAudio.framework/Versions/A/CoreAudio
0x00007fff3354f000 	/System/Library/Frameworks/DiskArbitration.framework/Versions/A/DiskArbitration
0x00007fff5773f000 	/System/Library/PrivateFrameworks/MultitouchSupport.framework/Versions/A/MultitouchSupport
0x00007fff66306000 	/usr/lib/libenergytrace.dylib
0x00007fff33fc7000 	/System/Library/Frameworks/IOKit.framework/Versions/A/IOKit
0x00007fff325b2000 	/System/Library/Frameworks/CoreServices.framework/Versions/A/CoreServices
0x00007fff5984c000 	/System/Library/PrivateFrameworks/PerformanceAnalysis.framework/Versions/A/PerformanceAnalysis
0x00007fff3ba80000 	/System/Library/Frameworks/OpenGL.framework/Versions/A/OpenGL
0x00007fff30259000 	/System/Library/Frameworks/ColorSync.framework/Versions/A/ColorSync
0x00007fff31ccb000 	/System/Library/Frameworks/CoreImage.framework/Versions/A/CoreImage
0x00007fff33028000 	/System/Library/Frameworks/CoreText.framework/Versions/A/CoreText
0x00007fff340f2000 	/System/Library/Frameworks/ImageIO.framework/Versions/A/ImageIO
0x00007fff65862000 	/usr/lib/libc++.1.dylib
0x00007fff658de000 	/usr/lib/libcompression.dylib
0x00007fff653f6000 	/usr/lib/libMobileGestalt.dylib
0x00007fff60f06000 	/System/Library/PrivateFrameworks/TextureIO.framework/Versions/A/TextureIO
0x00007fff656e3000 	/usr/lib/libate.dylib
0x00007fff55933000 	/System/Library/PrivateFrameworks/InternationalSupport.framework/Versions/A/InternationalSupport
0x00007fff68523000 	/usr/lib/system/libcache.dylib
0x00007fff68529000 	/usr/lib/system/libcommonCrypto.dylib
0x00007fff68535000 	/usr/lib/system/libcompiler_rt.dylib
0x00007fff6853d000 	/usr/lib/system/libcopyfile.dylib
0x00007fff68547000 	/usr/lib/system/libcorecrypto.dylib
0x00007fff686f5000 	/usr/lib/system/libdispatch.dylib
0x00007fff68737000 	/usr/lib/system/libdyld.dylib
0x00007fff6876d000 	/usr/lib/system/libkeymgr.dylib
0x00007fff6877b000 	/usr/lib/system/liblaunch.dylib
0x00007fff6877c000 	/usr/lib/system/libmacho.dylib
0x00007fff68782000 	/usr/lib/system/libquarantine.dylib
0x00007fff68785000 	/usr/lib/system/libremovefile.dylib
0x00007fff68787000 	/usr/lib/system/libsystem_asl.dylib
0x00007fff6879f000 	/usr/lib/system/libsystem_blocks.dylib
0x00007fff687a0000 	/usr/lib/system/libsystem_c.dylib
0x00007fff68828000 	/usr/lib/system/libsystem_configuration.dylib
0x00007fff6882c000 	/usr/lib/system/libsystem_coreservices.dylib
0x00007fff68830000 	/usr/lib/system/libsystem_darwin.dylib
0x00007fff68839000 	/usr/lib/system/libsystem_dnssd.dylib
0x00007fff68841000 	/usr/lib/system/libsystem_featureflags.dylib
0x00007fff68843000 	/usr/lib/system/libsystem_info.dylib
0x00007fff688be000 	/usr/lib/system/libsystem_m.dylib
0x00007fff68906000 	/usr/lib/system/libsystem_malloc.dylib
0x00007fff6892e000 	/usr/lib/system/libsystem_networkextension.dylib
0x00007fff6893c000 	/usr/lib/system/libsystem_notify.dylib
0x00007fff6895b000 	/usr/lib/system/libsystem_sandbox.dylib
0x00007fff68960000 	/usr/lib/system/libsystem_secinit.dylib
0x00007fff68891000 	/usr/lib/system/libsystem_kernel.dylib
0x00007fff68946000 	/usr/lib/system/libsystem_platform.dylib
0x00007fff68950000 	/usr/lib/system/libsystem_pthread.dylib
0x00007fff68963000 	/usr/lib/system/libsystem_symptoms.dylib
0x00007fff6896b000 	/usr/lib/system/libsystem_trace.dylib
0x00007fff68983000 	/usr/lib/system/libunwind.dylib
0x00007fff68989000 	/usr/lib/system/libxpc.dylib
0x00007fff658b6000 	/usr/lib/libc++abi.dylib
0x00007fff666b4000 	/usr/lib/liblzma.5.dylib
0x00007fff6632e000 	/usr/lib/libfakelink.dylib
0x00007fff65670000 	/usr/lib/libarchive.2.dylib
0x00007fff3e9bb000 	/System/Library/Frameworks/SystemConfiguration.framework/Versions/A/SystemConfiguration
0x00007fff64fe5000 	/usr/lib/libCRFSuite.dylib
0x00007fff2f95f000 	/System/Library/Frameworks/CFNetwork.framework/Versions/A/CFNetwork
0x00007fff65844000 	/usr/lib/libbsm.0.dylib
0x00007fff6876e000 	/usr/lib/system/libkxld.dylib
0x00007fff4434c000 	/System/Library/PrivateFrameworks/AppleFSCompression.framework/Versions/A/AppleFSCompression
0x00007fff65bc5000 	/usr/lib/libcoretls.dylib
0x00007fff65bdc000 	/usr/lib/libcoretls_cfhelpers.dylib
0x00007fff67415000 	/usr/lib/libpam.2.dylib
0x00007fff67548000 	/usr/lib/libsqlite3.dylib
0x00007fff6798b000 	/usr/lib/libxar.1.dylib
0x00007fff65855000 	/usr/lib/libbz2.1.0.dylib
0x00007fff6634f000 	/usr/lib/libiconv.2.dylib
0x00007fff658cb000 	/usr/lib/libcharset.1.dylib
0x00007fff66ebc000 	/usr/lib/libnetwork.dylib
0x00007fff6741c000 	/usr/lib/libpcap.A.dylib
0x00007fff65625000 	/usr/lib/libapple_nghttp2.dylib
0x00007fff32969000 	/System/Library/Frameworks/CoreServices.framework/Versions/A/Frameworks/FSEvents.framework/Versions/A/FSEvents
0x00007fff32639000 	/System/Library/Frameworks/CoreServices.framework/Versions/A/Frameworks/CarbonCore.framework/Versions/A/CarbonCore
0x00007fff32bac000 	/System/Library/Frameworks/CoreServices.framework/Versions/A/Frameworks/Metadata.framework/Versions/A/Metadata
0x00007fff32c45000 	/System/Library/Frameworks/CoreServices.framework/Versions/A/Frameworks/OSServices.framework/Versions/A/OSServices
0x00007fff32c73000 	/System/Library/Frameworks/CoreServices.framework/Versions/A/Frameworks/SearchKit.framework/Versions/A/SearchKit
0x00007fff325b3000 	/System/Library/Frameworks/CoreServices.framework/Versions/A/Frameworks/AE.framework/Versions/A/AE
0x00007fff32972000 	/System/Library/Frameworks/CoreServices.framework/Versions/A/Frameworks/LaunchServices.framework/Versions/A/LaunchServices
0x00007fff3291b000 	/System/Library/Frameworks/CoreServices.framework/Versions/A/Frameworks/DictionaryServices.framework/Versions/A/DictionaryServices
0x00007fff32cdb000 	/System/Library/Frameworks/CoreServices.framework/Versions/A/Frameworks/SharedFileList.framework/Versions/A/SharedFileList
0x00007fff378d4000 	/System/Library/Frameworks/NetFS.framework/Versions/A/NetFS
0x00007fff57c6f000 	/System/Library/PrivateFrameworks/NetAuth.framework/Versions/A/NetAuth
0x00007fff64c82000 	/System/Library/PrivateFrameworks/login.framework/Versions/A/Frameworks/loginsupport.framework/Versions/A/loginsupport
0x00007fff60a01000 	/System/Library/PrivateFrameworks/TCC.framework/Versions/A/TCC
0x00007fff48f37000 	/System/Library/PrivateFrameworks/CoreNLP.framework/Versions/A/CoreNLP
0x00007fff5716f000 	/System/Library/PrivateFrameworks/MetadataUtilities.framework/Versions/A/MetadataUtilities
0x00007fff6678c000 	/usr/lib/libmecabra.dylib
0x00007fff666e4000 	/usr/lib/libmecab.dylib
0x00007fff6633f000 	/usr/lib/libgermantok.dylib
0x00007fff6560c000 	/usr/lib/libThaiTokenizer.dylib
0x00007fff6501d000 	/usr/lib/libChineseTokenizer.dylib
0x00007fff2cf81000 	/System/Library/Frameworks/Accelerate.framework/Versions/A/Frameworks/vImage.framework/Versions/A/vImage
0x00007fff2e224000 	/System/Library/Frameworks/Accelerate.framework/Versions/A/Frameworks/vecLib.framework/Versions/A/vecLib
0x00007fff2e168000 	/System/Library/Frameworks/Accelerate.framework/Versions/A/Frameworks/vecLib.framework/Versions/A/libvMisc.dylib
0x00007fff2df8e000 	/System/Library/Frameworks/Accelerate.framework/Versions/A/Frameworks/vecLib.framework/Versions/A/libvDSP.dylib
0x00007fff2d5ed000 	/System/Library/Frameworks/Accelerate.framework/Versions/A/Frameworks/vecLib.framework/Versions/A/libBLAS.dylib
0x00007fff2db48000 	/System/Library/Frameworks/Accelerate.framework/Versions/A/Frameworks/vecLib.framework/Versions/A/libLAPACK.dylib
0x00007fff2deee000 	/System/Library/Frameworks/Accelerate.framework/Versions/A/Frameworks/vecLib.framework/Versions/A/libLinearAlgebra.dylib
0x00007fff2df7b000 	/System/Library/Frameworks/Accelerate.framework/Versions/A/Frameworks/vecLib.framework/Versions/A/libSparseBLAS.dylib
0x00007fff2df04000 	/System/Library/Frameworks/Accelerate.framework/Versions/A/Frameworks/vecLib.framework/Versions/A/libQuadrature.dylib
0x00007fff2d857000 	/System/Library/Frameworks/Accelerate.framework/Versions/A/Frameworks/vecLib.framework/Versions/A/libBNNS.dylib
0x00007fff2df0a000 	/System/Library/Frameworks/Accelerate.framework/Versions/A/Frameworks/vecLib.framework/Versions/A/libSparse.dylib
0x00007fff55cf2000 	/System/Library/PrivateFrameworks/LanguageModeling.framework/Versions/A/LanguageModeling
0x00007fff488d3000 	/System/Library/PrivateFrameworks/CoreEmoji.framework/Versions/A/CoreEmoji
0x00007fff55e10000 	/System/Library/PrivateFrameworks/LinguisticData.framework/Versions/A/LinguisticData
0x00007fff55dc1000 	/System/Library/PrivateFrameworks/Lexicon.framework/Versions/A/Lexicon
0x00007fff658cc000 	/usr/lib/libcmph.dylib
0x00007fff3a4a6000 	/System/Library/Frameworks/OpenDirectory.framework/Versions/A/Frameworks/CFOpenDirectory.framework/Versions/A/CFOpenDirectory
0x00007fff3a4c3000 	/System/Library/Frameworks/OpenDirectory.framework/Versions/A/OpenDirectory
0x00007fff42790000 	/System/Library/PrivateFrameworks/APFS.framework/Versions/A/APFS
0x00007fff3db6c000 	/System/Library/Frameworks/SecurityFoundation.framework/Versions/A/SecurityFoundation
0x00007fff67987000 	/usr/lib/libutil.dylib
0x00007fff49bc0000 	/System/Library/PrivateFrameworks/CoreServicesStore.framework/Versions/A/CoreServicesStore
0x00007fff3dc24000 	/System/Library/Frameworks/ServiceManagement.framework/Versions/A/ServiceManagement
0x00007fff45b03000 	/System/Library/PrivateFrameworks/BackgroundTaskManagement.framework/Versions/A/BackgroundTaskManagement
0x00007fff67a84000 	/usr/lib/libxslt.1.dylib
0x00007fff449b1000 	/System/Library/PrivateFrameworks/AppleSystemInfo.framework/Versions/A/AppleSystemInfo
0x00007fff3430f000 	/System/Library/Frameworks/ImageIO.framework/Versions/A/Resources/libJPEG.dylib
0x00007fff345ce000 	/System/Library/Frameworks/ImageIO.framework/Versions/A/Resources/libTIFF.dylib
0x00007fff345b1000 	/System/Library/Frameworks/ImageIO.framework/Versions/A/Resources/libPng.dylib
0x00007fff34250000 	/System/Library/Frameworks/ImageIO.framework/Versions/A/Resources/libGIF.dylib
0x00007fff34254000 	/System/Library/Frameworks/ImageIO.framework/Versions/A/Resources/libJP2.dylib
0x00007fff345cc000 	/System/Library/Frameworks/ImageIO.framework/Versions/A/Resources/libRadiance.dylib
0x00007fff66307000 	/usr/lib/libexpat.1.dylib
0x00007fff444a7000 	/System/Library/PrivateFrameworks/AppleJPEG.framework/Versions/A/AppleJPEG
0x00007fff4ce24000 	/System/Library/PrivateFrameworks/FontServices.framework/libFontParser.dylib
0x00007fff63cd9000 	/System/Library/PrivateFrameworks/WatchdogClient.framework/Versions/A/WatchdogClient
0x00007fff5537f000 	/System/Library/PrivateFrameworks/IOAccelerator.framework/Versions/A/IOAccelerator
0x00007fff3698d000 	/System/Library/Frameworks/MetalPerformanceShaders.framework/Versions/A/MetalPerformanceShaders
0x00007fff51b72000 	/System/Library/PrivateFrameworks/GPUWrangler.framework/Versions/A/GPUWrangler
0x00007fff5538a000 	/System/Library/PrivateFrameworks/IOPresentment.framework/Versions/A/IOPresentment
0x00007fff4a8a8000 	/System/Library/PrivateFrameworks/DSExternalDisplay.framework/Versions/A/DSExternalDisplay
0x00007fff3ae2c000 	/System/Library/Frameworks/OpenGL.framework/Versions/A/Libraries/libCoreFSCache.dylib
0x00007fff366df000 	/System/Library/Frameworks/MetalPerformanceShaders.framework/Frameworks/MPSCore.framework/Versions/A/MPSCore
0x00007fff3671c000 	/System/Library/Frameworks/MetalPerformanceShaders.framework/Frameworks/MPSImage.framework/Versions/A/MPSImage
0x00007fff367de000 	/System/Library/Frameworks/MetalPerformanceShaders.framework/Frameworks/MPSNeuralNetwork.framework/Versions/A/MPSNeuralNetwork
0x00007fff367a3000 	/System/Library/Frameworks/MetalPerformanceShaders.framework/Frameworks/MPSMatrix.framework/Versions/A/MPSMatrix
0x00007fff3693e000 	/System/Library/Frameworks/MetalPerformanceShaders.framework/Frameworks/MPSRayIntersector.framework/Versions/A/MPSRayIntersector
0x00007fff367c8000 	/System/Library/Frameworks/MetalPerformanceShaders.framework/Frameworks/MPSNDArray.framework/Versions/A/MPSNDArray
0x00007fff571bc000 	/System/Library/PrivateFrameworks/MetalTools.framework/Versions/A/MetalTools
0x00007fff43955000 	/System/Library/PrivateFrameworks/AggregateDictionary.framework/Versions/A/AggregateDictionary
0x00007fff4835d000 	/System/Library/PrivateFrameworks/CoreAnalytics.framework/Versions/A/CoreAnalytics
0x00007fff448cf000 	/System/Library/PrivateFrameworks/AppleSauce.framework/Versions/A/AppleSauce
0x00007fff652d9000 	/usr/lib/libIOReport.dylib
0x00007fff331dd000 	/System/Library/Frameworks/CoreVideo.framework/Versions/A/CoreVideo
0x00007fff52fe0000 	/System/Library/PrivateFrameworks/GraphVisualizer.framework/Versions/A/GraphVisualizer
0x00007fff4c3a5000 	/System/Library/PrivateFrameworks/FaceCore.framework/Versions/A/FaceCore
0x00007fff3a44d000 	/System/Library/Frameworks/OpenCL.framework/Versions/A/OpenCL
0x00007fff650fb000 	/usr/lib/libFosl_dynamic.dylib
0x00007fff5866a000 	/System/Library/PrivateFrameworks/OTSVG.framework/Versions/A/OTSVG
0x00007fff2f2da000 	/System/Library/Frameworks/ApplicationServices.framework/Versions/A/Frameworks/ATS.framework/Versions/A/Resources/libFontRegistry.dylib
0x00007fff4cff5000 	/System/Library/PrivateFrameworks/FontServices.framework/libhvf.dylib
0x00007fff3ae37000 	/System/Library/Frameworks/OpenGL.framework/Versions/A/Libraries/libGFXShared.dylib
0x00007fff3b014000 	/System/Library/Frameworks/OpenGL.framework/Versions/A/Libraries/libGLU.dylib
0x00007fff3ae40000 	/System/Library/Frameworks/OpenGL.framework/Versions/A/Libraries/libGL.dylib
0x00007fff3ae4b000 	/System/Library/Frameworks/OpenGL.framework/Versions/A/Libraries/libGLImage.dylib
0x00007fff3ae29000 	/System/Library/Frameworks/OpenGL.framework/Versions/A/Libraries/libCVMSPluginSupport.dylib
0x00007fff3ae32000 	/System/Library/Frameworks/OpenGL.framework/Versions/A/Libraries/libCoreVMClient.dylib
0x00007fff66d5e000 	/usr/lib/libncurses.5.4.dylib
0x00007fff2f1d6000 	/System/Library/Frameworks/ApplicationServices.framework/Versions/A/Frameworks/ATS.framework/Versions/A/ATS
0x00007fff2f3a3000 	/System/Library/Frameworks/ApplicationServices.framework/Versions/A/Frameworks/ColorSyncLegacy.framework/Versions/A/ColorSyncLegacy
0x00007fff2f442000 	/System/Library/Frameworks/ApplicationServices.framework/Versions/A/Frameworks/HIServices.framework/Versions/A/HIServices
0x00007fff2f499000 	/System/Library/Frameworks/ApplicationServices.framework/Versions/A/Frameworks/LangAnalysis.framework/Versions/A/LangAnalysis
0x00007fff2f4a8000 	/System/Library/Frameworks/ApplicationServices.framework/Versions/A/Frameworks/PrintCore.framework/Versions/A/PrintCore
0x00007fff2f4ee000 	/System/Library/Frameworks/ApplicationServices.framework/Versions/A/Frameworks/QD.framework/Versions/A/QD
0x00007fff2f4f9000 	/System/Library/Frameworks/ApplicationServices.framework/Versions/A/Frameworks/SpeechSynthesis.framework/Versions/A/SpeechSynthesis
0x00007fff2f373000 	/System/Library/Frameworks/ApplicationServices.framework/Versions/A/Frameworks/ATSUI.framework/Versions/A/ATSUI
0x00007fff6619b000 	/usr/lib/libcups.2.dylib
0x00007fff35a3c000 	/System/Library/Frameworks/Kerberos.framework/Versions/A/Kerberos
0x00007fff33cbc000 	/System/Library/Frameworks/GSS.framework/Versions/A/GSS
0x00007fff674d4000 	/usr/lib/libresolv.9.dylib
0x00007fff53181000 	/System/Library/PrivateFrameworks/Heimdal.framework/Versions/A/Heimdal
0x00007fff35a4f000 	/System/Library/Frameworks/Kerberos.framework/Versions/A/Libraries/libHeimdalProxy.dylib
0x00007fff66345000 	/usr/lib/libheimdal-asn1.dylib
0x00007fff47803000 	/System/Library/PrivateFrameworks/CommonAuth.framework/Versions/A/CommonAuth
0x00007fff44a4e000 	/System/Library/PrivateFrameworks/AssertionServices.framework/Versions/A/AssertionServices
0x00007fff455f1000 	/System/Library/PrivateFrameworks/AudioToolboxCore.framework/Versions/A/AudioToolboxCore
0x00007fff64933000 	/System/Library/PrivateFrameworks/caulk.framework/Versions/A/caulk
0x00007fff45baf000 	/System/Library/PrivateFrameworks/BaseBoard.framework/Versions/A/BaseBoard
0x00007fff5c78f000 	/System/Library/PrivateFrameworks/RunningBoardServices.framework/Versions/A/RunningBoardServices
0x00007fff59858000 	/System/Library/PrivateFrameworks/PersistentConnection.framework/Versions/A/PersistentConnection
0x00007fff5c1de000 	/System/Library/PrivateFrameworks/ProtocolBuffer.framework/Versions/A/ProtocolBuffer
0x00007fff47828000 	/System/Library/PrivateFrameworks/CommonUtilities.framework/Versions/A/CommonUtilities
0x00007fff45d32000 	/System/Library/PrivateFrameworks/Bom.framework/Versions/A/Bom
0x00007fff64fa8000 	/usr/lib/libAudioToolboxUtility.dylib
0x00007fff45b0d000 	/System/Library/PrivateFrameworks/Backup.framework/Versions/A/Backup
0x00007fff4a618000 	/System/Library/PrivateFrameworks/CrashReporterSupport.framework/Versions/A/CrashReporterSupport
0x00007fff5e28b000 	/System/Library/PrivateFrameworks/Sharing.framework/Versions/A/Sharing
0x00007fff441f2000 	/System/Library/PrivateFrameworks/Apple80211.framework/Versions/A/Apple80211
0x00007fff4582f000 	/System/Library/PrivateFrameworks/AuthKit.framework/Versions/A/AuthKit
0x00007fff4a348000 	/System/Library/PrivateFrameworks/CoreUtils.framework/Versions/A/CoreUtils
0x00007fff33222000 	/System/Library/Frameworks/CoreWLAN.framework/Versions/A/CoreWLAN
0x00007fff33e48000 	/System/Library/Frameworks/IOBluetooth.framework/Versions/A/IOBluetooth
0x00007fff574ba000 	/System/Library/PrivateFrameworks/MobileKeyBag.framework/Versions/A/MobileKeyBag
0x00007fff49413000 	/System/Library/PrivateFrameworks/CorePhoneNumbers.framework/Versions/A/CorePhoneNumbers
0x00007fff4445a000 	/System/Library/PrivateFrameworks/AppleIDAuthSupport.framework/Versions/A/AppleIDAuthSupport
0x00007fff378e1000 	/System/Library/Frameworks/Network.framework/Versions/A/Network
0x00007fff55b7a000 	/System/Library/PrivateFrameworks/KeychainCircle.framework/Versions/A/KeychainCircle
0x00007fff30c96000 	/System/Library/Frameworks/CoreBluetooth.framework/Versions/A/CoreBluetooth
0x00007fff5ff07000 	/System/Library/PrivateFrameworks/SpeechRecognitionCore.framework/Versions/A/SpeechRecognitionCore
0x000000010fc00000 	/Library/Java/JavaVirtualMachines/jdk1.8.0_181.jdk/Contents/Home/jre/lib/server/libjvm.dylib
0x00007fff67859000 	/usr/lib/libstdc++.6.dylib
0x000000010e220000 	/Library/Java/JavaVirtualMachines/jdk1.8.0_181.jdk/Contents/Home/jre/lib/libverify.dylib
0x000000010e22e000 	/Library/Java/JavaVirtualMachines/jdk1.8.0_181.jdk/Contents/Home/jre/lib/libjava.dylib
0x000000010e265000 	/Library/Java/JavaVirtualMachines/jdk1.8.0_181.jdk/Contents/Home/jre/lib/libinstrument.dylib
0x000000010e2d1000 	/Library/Java/JavaVirtualMachines/jdk1.8.0_181.jdk/Contents/Home/jre/lib/libzip.dylib
0x000000013529c000 	/Library/Java/JavaVirtualMachines/jdk1.8.0_181.jdk/Contents/Home/jre/lib/libnet.dylib
0x00000001352b3000 	/Library/Java/JavaVirtualMachines/jdk1.8.0_181.jdk/Contents/Home/jre/lib/libmanagement.dylib
0x00000001352c1000 	/Library/Java/JavaVirtualMachines/jdk1.8.0_181.jdk/Contents/Home/jre/lib/libnio.dylib

VM Arguments:
jvm_args: -XX:TieredStopAtLevel=1 -Xverify:none -Dspring.output.ansi.enabled=always -Dcom.sun.management.jmxremote -Dspring.jmx.enabled=true -Dspring.liveBeansView.mbeanDomain -Dspring.application.admin.enabled=true -javaagent:/Users/yupengwu/Library/Application Support/JetBrains/Toolbox/apps/IDEA-U/ch-0/193.5233.102/IntelliJ IDEA.app/Contents/lib/idea_rt.jar=49609:/Users/yupengwu/Library/Application Support/JetBrains/Toolbox/apps/IDEA-U/ch-0/193.5233.102/IntelliJ IDEA.app/Contents/bin -Dfile.encoding=UTF-8 
java_command: com.ypw.fastjson.BasicsApplication
java_class_path (initial): /Library/Java/JavaVirtualMachines/jdk1.8.0_181.jdk/Contents/Home/jre/lib/charsets.jar:/Library/Java/JavaVirtualMachines/jdk1.8.0_181.jdk/Contents/Home/jre/lib/deploy.jar:/Library/Java/JavaVirtualMachines/jdk1.8.0_181.jdk/Contents/Home/jre/lib/ext/cldrdata.jar:/Library/Java/JavaVirtualMachines/jdk1.8.0_181.jdk/Contents/Home/jre/lib/ext/dnsns.jar:/Library/Java/JavaVirtualMachines/jdk1.8.0_181.jdk/Contents/Home/jre/lib/ext/jaccess.jar:/Library/Java/JavaVirtualMachines/jdk1.8.0_181.jdk/Contents/Home/jre/lib/ext/jfxrt.jar:/Library/Java/JavaVirtualMachines/jdk1.8.0_181.jdk/Contents/Home/jre/lib/ext/localedata.jar:/Library/Java/JavaVirtualMachines/jdk1.8.0_181.jdk/Contents/Home/jre/lib/ext/nashorn.jar:/Library/Java/JavaVirtualMachines/jdk1.8.0_181.jdk/Contents/Home/jre/lib/ext/sunec.jar:/Library/Java/JavaVirtualMachines/jdk1.8.0_181.jdk/Contents/Home/jre/lib/ext/sunjce_provider.jar:/Library/Java/JavaVirtualMachines/jdk1.8.0_181.jdk/Contents/Home/jre/lib/ext/sunpkcs11.jar:/Library/Java/JavaVirtualMachines/jdk1.8.0_181.jdk/Contents/Home/jre/lib/ext/zipfs.jar:/Library/Java/JavaVirtualMachines/jdk1.8.0_181.jdk/Contents/Home/jre/lib/javaws.jar:/Library/Java/JavaVirtualMachines/jdk1.8.0_181.jdk/Contents/Home/jre/lib/jce.jar:/Library/Java/JavaVirtualMachines/jdk1.8.0_181.jdk/Contents/Home/jre/lib/jfr.jar:/Library/Java/JavaVirtualMachines/jdk1.8.0_181.jdk/Contents/Home/jre/lib/jfxswt.jar:/Library/Java/JavaVirtualMachines/jdk1.8.0_181.jdk/Contents/Home/jre/lib/jsse.jar:/Library/Java/JavaVirtualMachines/jdk1.8.0_181.jdk/Contents/Home/jre/lib/management-agent.jar:/Library/Java/JavaVirtualMachines/jdk1.8.0_181.jdk/Contents/Home/jre/lib/plugin.jar:/Library/Java/JavaVirtualMachines/jdk1.8.0_181.jdk/Contents/Home/jre/lib/resources.jar:/Library/Java/JavaVirtualMachines/jdk1.8.0_181.jdk/Contents/Home/jre/lib/rt.jar:/Library/Java/JavaVirtualMachines/jdk1.8.0_181.jdk/Contents/Home/lib/ant-javafx.jar:/Library/Java/JavaVirtualMachines/jdk1.8.0_181.jdk/Contents/Home
Launcher Type: SUN_STANDARD

Environment Variables:
JAVA_HOME=/Library/Java/JavaVirtualMachines/jdk1.8.0_181.jdk/Contents/Home
CLASSPATH=/Library/Java/JavaVirtualMachines/jdk1.8.0_181.jdk/Contents/Home/lib/tools.jar:/Library/Java/JavaVirtualMachines/jdk1.8.0_181.jdk/Contents/Home/lib/dt.jar:.
PATH=/Library/Java/JavaVirtualMachines/jdk1.8.0_181.jdk/Contents/Home/bin:/usr/local/bin:/usr/bin:/bin:/usr/sbin:/sbin:/Applications/Wireshark.app/Contents/MacOS:.:/Users/yupengwu/apache-maven-3.5.4/bin:/Users/yupengwu/gradle-5.2/bin
SHELL=/bin/bash

Signal Handlers:
SIGSEGV: [libjvm.dylib+0x5b6029], sa_mask[0]=11111111011111110111111111111111, sa_flags=SA_ONSTACK|SA_RESTART|SA_SIGINFO
SIGBUS: [libjvm.dylib+0x5b6029], sa_mask[0]=11111111011111110111111111111111, sa_flags=SA_RESTART|SA_SIGINFO
SIGFPE: [libjvm.dylib+0x48b934], sa_mask[0]=11111111011111110111111111111111, sa_flags=SA_RESTART|SA_SIGINFO
SIGPIPE: [libjvm.dylib+0x48b934], sa_mask[0]=11111111011111110111111111111111, sa_flags=SA_RESTART|SA_SIGINFO
SIGXFSZ: [libjvm.dylib+0x48b934], sa_mask[0]=11111111011111110111111111111111, sa_flags=SA_RESTART|SA_SIGINFO
SIGILL: [libjvm.dylib+0x48b934], sa_mask[0]=11111111011111110111111111111111, sa_flags=SA_RESTART|SA_SIGINFO
SIGUSR1: SIG_DFL, sa_mask[0]=00000000000000000000000000000000, sa_flags=none
SIGUSR2: [libjvm.dylib+0x48b452], sa_mask[0]=00100000000000000000000000000000, sa_flags=SA_RESTART|SA_SIGINFO
SIGHUP: [libjvm.dylib+0x489a1d], sa_mask[0]=11111111011111110111111111111111, sa_flags=SA_RESTART|SA_SIGINFO
SIGINT: [libjvm.dylib+0x489a1d], sa_mask[0]=11111111011111110111111111111111, sa_flags=SA_RESTART|SA_SIGINFO
SIGTERM: [libjvm.dylib+0x489a1d], sa_mask[0]=11111111011111110111111111111111, sa_flags=SA_RESTART|SA_SIGINFO
SIGQUIT: [libjvm.dylib+0x489a1d], sa_mask[0]=11111111011111110111111111111111, sa_flags=SA_RESTART|SA_SIGINFO


---------------  S Y S T E M  ---------------

OS:Bsduname:Darwin 19.3.0 Darwin Kernel Version 19.3.0: Thu Jan  9 20:58:23 PST 2020; root:xnu-6153.81.5~1/RELEASE_X86_64 x86_64
rlimit: STACK 8192k, CORE 0k, NPROC 5568, NOFILE 10240, AS infinity
load average:3.43 3.59 3.29

CPU:total 12 (initial active 12) (6 cores per cpu, 2 threads per core) family 6 model 158 stepping 10, cmov, cx8, fxsr, mmx, sse, sse2, sse3, ssse3, sse4.1, sse4.2, popcnt, avx, avx2, aes, clmul, erms, 3dnowpref, lzcnt, ht, tsc, tscinvbit, bmi1, bmi2, adx

Memory: 4k page, physical 33554432k(3248528k free)

/proc/meminfo:


vm_info: Java HotSpot(TM) 64-Bit Server VM (25.181-b13) for bsd-amd64 JRE (1.8.0_181-b13), built on Jul  7 2018 01:02:31 by "java_re" with gcc 4.2.1 (Based on Apple Inc. build 5658) (LLVM build 2336.11.00)

time: Mon Mar 23 14:15:11 2020
elapsed time: 3 seconds (0d 0h 0m 3s)

